Build started 5/30/2016 3:47:48 AM.
     1>Project "D:\KELAS_DM1\CALCULATOR\CALCULATOR\CALCULATOR.vcxproj" on node 2 (build target(s)).
     1>InitializeBuildStatus:
         Touching "Debug\CALCULATOR.unsuccessfulbuild".
       GenerateTargetFrameworkMonikerAttribute:
       Skipping target "GenerateTargetFrameworkMonikerAttribute" because all output files are up-to-date with respect to the input files.
       ClCompile:
         All outputs are up-to-date.
         C:\Program Files\Microsoft Visual Studio 10.0\VC\bin\CL.exe /c /AI"C:\Program Files\Reference Assemblies\Microsoft\Framework\.NETFramework\v4.0" /Zi /clr:pure /nologo /W3 /WX- /Od /Oy- /D WIN32 /D _DEBUG /D _UNICODE /D UNICODE /EHa /MDd /GS /fp:precise /Zc:wchar_t /Zc:forScope /Yu"StdAfx.h" /Fp"Debug\CALCULATOR.pch" /Fo"Debug\\" /Fd"Debug\vc100.pdb" /TP /FU"C:\Program Files\Reference Assemblies\Microsoft\Framework\.NETFramework\v4.0\System.Core.dll" /FU"C:\Program Files\Reference Assemblies\Microsoft\Framework\.NETFramework\v4.0\System.Data.dll" /FU"C:\Program Files\Reference Assemblies\Microsoft\Framework\.NETFramework\v4.0\System.dll" /FU"C:\Program Files\Reference Assemblies\Microsoft\Framework\.NETFramework\v4.0\System.Drawing.dll" /FU"C:\Program Files\Reference Assemblies\Microsoft\Framework\.NETFramework\v4.0\System.Windows.Forms.dll" /FU"C:\Program Files\Reference Assemblies\Microsoft\Framework\.NETFramework\v4.0\System.Xml.dll" /analyze- /errorReport:prompt CALCULATOR.cpp /clr:nostdlib 
         CALCULATOR.cpp
         All outputs are up-to-date.
       CoreResGen:
         All outputs are up-to-date.
       ResourceCompile:
         All outputs are up-to-date.
       Link:
         C:\Program Files\Microsoft Visual Studio 10.0\VC\bin\link.exe /ERRORREPORT:PROMPT /OUT:"D:\KELAS_DM1\CALCULATOR\Debug\CALCULATOR.exe" /INCREMENTAL /NOLOGO /ASSEMBLYRESOURCE:Debug\CALCULATOR.Form1.resources /MANIFEST /ManifestFile:"Debug\CALCULATOR.exe.intermediate.manifest" /MANIFESTUAC:"level='asInvoker' uiAccess='false'" /DEBUG /PDB:"D:\KELAS_DM1\CALCULATOR\Debug\CALCULATOR.pdb" /ASSEMBLYDEBUG /SUBSYSTEM:WINDOWS /TLBID:1 /ENTRY:"main" /DYNAMICBASE /FIXED:NO /NXCOMPAT /MACHINE:X86 Debug\app.res
         Debug\AssemblyInfo.obj
         Debug\CALCULATOR.obj
         Debug\stdafx.obj
         "Debug\.NETFramework,Version=v4.0.AssemblyAttributes.obj"
         CALCULATOR.vcxproj -> D:\KELAS_DM1\CALCULATOR\Debug\CALCULATOR.exe
       Manifest:
         C:\Program Files\Microsoft SDKs\Windows\v7.0A\bin\mt.exe /nologo /verbose /outputresource:"D:\KELAS_DM1\CALCULATOR\Debug\CALCULATOR.exe;#1" /manifest Debug\CALCULATOR.exe.intermediate.manifest
       FinalizeBuildStatus:
         Deleting file "Debug\CALCULATOR.unsuccessfulbuild".
         Touching "Debug\CALCULATOR.lastbuildstate".
     1>Done Building Project "D:\KELAS_DM1\CALCULATOR\CALCULATOR\CALCULATOR.vcxproj" (build target(s)).

Build succeeded.

Time Elapsed 00:00:00.43
